13:18:14.275 skipping bootstrap configuration: could not find or read file: classpath:karate-config.js
13:18:14.839 request:
1 > GET http://dummy.restapiexample.com/api/v1/employees
1 > Accept-Encoding: gzip,deflate
1 > Connection: Keep-Alive
1 > Host: dummy.restapiexample.com
1 > User-Agent: Apache-HttpClient/4.5.11 (Java/11.0.8)

13:18:15.436 response time in milliseconds: 591.70
1 < 200
1 < Access-Control-Allow-Origin: *
1 < Access-Control-Expose-Headers: Content-Type, X-Requested-With, X-authentication, X-client
1 < Cache-Control: max-age=31536000
1 < Content-Type: application/json;charset=utf-8
1 < Date: Sat, 08 Aug 2020 07:48:15 GMT
1 < Display: staticcontent_sol
1 < Referrer-Policy: 
1 < Response: 200
1 < Server: nginx/1.16.0
1 < Vary: [Accept-Encoding, Accept-Encoding,User-Agent,Origin]
1 < X-Ezoic-Cdn: Hit ds;mm;64e5dcd8fd074fe044e20470a9643699;2-133674-2;11eea874-25cc-4a8a-4a7a-e7fd9bafe9d8
1 < X-Middleton-Display: staticcontent_sol
1 < X-Middleton-Response: 200
1 < X-Sol: pub_site
{"status":"success","data":[{"id":"1","employee_name":"Tiger Nixon","employee_salary":"320800","employee_age":"61","profile_image":""},{"id":"2","employee_name":"Garrett Winters","employee_salary":"170750","employee_age":"63","profile_image":""},{"id":"3","employee_name":"Ashton Cox","employee_salary":"86000","employee_age":"66","profile_image":""},{"id":"4","employee_name":"Cedric Kelly","employee_salary":"433060","employee_age":"22","profile_image":""},{"id":"5","employee_name":"Airi Satou","employee_salary":"162700","employee_age":"33","profile_image":""},{"id":"6","employee_name":"Brielle Williamson","employee_salary":"372000","employee_age":"61","profile_image":""},{"id":"7","employee_name":"Herrod Chandler","employee_salary":"137500","employee_age":"59","profile_image":""},{"id":"8","employee_name":"Rhona Davidson","employee_salary":"327900","employee_age":"55","profile_image":""},{"id":"9","employee_name":"Colleen Hurst","employee_salary":"205500","employee_age":"39","profile_image":""},{"id":"10","employee_name":"Sonya Frost","employee_salary":"103600","employee_age":"23","profile_image":""},{"id":"11","employee_name":"Jena Gaines","employee_salary":"90560","employee_age":"30","profile_image":""},{"id":"12","employee_name":"Quinn Flynn","employee_salary":"342000","employee_age":"22","profile_image":""},{"id":"13","employee_name":"Charde Marshall","employee_salary":"470600","employee_age":"36","profile_image":""},{"id":"14","employee_name":"Haley Kennedy","employee_salary":"313500","employee_age":"43","profile_image":""},{"id":"15","employee_name":"Tatyana Fitzpatrick","employee_salary":"385750","employee_age":"19","profile_image":""},{"id":"16","employee_name":"Michael Silva","employee_salary":"198500","employee_age":"66","profile_image":""},{"id":"17","employee_name":"Paul Byrd","employee_salary":"725000","employee_age":"64","profile_image":""},{"id":"18","employee_name":"Gloria Little","employee_salary":"237500","employee_age":"59","profile_image":""},{"id":"19","employee_name":"Bradley Greer","employee_salary":"132000","employee_age":"41","profile_image":""},{"id":"20","employee_name":"Dai Rios","employee_salary":"217500","employee_age":"35","profile_image":""},{"id":"21","employee_name":"Jenette Caldwell","employee_salary":"345000","employee_age":"30","profile_image":""},{"id":"22","employee_name":"Yuri Berry","employee_salary":"675000","employee_age":"40","profile_image":""},{"id":"23","employee_name":"Caesar Vance","employee_salary":"106450","employee_age":"21","profile_image":""},{"id":"24","employee_name":"Doris Wilder","employee_salary":"85600","employee_age":"23","profile_image":""}]}

13:18:15.502 [print] {
  "data": [
    {
      "profile_image": "",
      "employee_name": "Tiger Nixon",
      "employee_salary": "320800",
      "id": "1",
      "employee_age": "61"
    },
    {
      "profile_image": "",
      "employee_name": "Garrett Winters",
      "employee_salary": "170750",
      "id": "2",
      "employee_age": "63"
    },
    {
      "profile_image": "",
      "employee_name": "Ashton Cox",
      "employee_salary": "86000",
      "id": "3",
      "employee_age": "66"
    },
    {
      "profile_image": "",
      "employee_name": "Cedric Kelly",
      "employee_salary": "433060",
      "id": "4",
      "employee_age": "22"
    },
    {
      "profile_image": "",
      "employee_name": "Airi Satou",
      "employee_salary": "162700",
      "id": "5",
      "employee_age": "33"
    },
    {
      "profile_image": "",
      "employee_name": "Brielle Williamson",
      "employee_salary": "372000",
      "id": "6",
      "employee_age": "61"
    },
    {
      "profile_image": "",
      "employee_name": "Herrod Chandler",
      "employee_salary": "137500",
      "id": "7",
      "employee_age": "59"
    },
    {
      "profile_image": "",
      "employee_name": "Rhona Davidson",
      "employee_salary": "327900",
      "id": "8",
      "employee_age": "55"
    },
    {
      "profile_image": "",
      "employee_name": "Colleen Hurst",
      "employee_salary": "205500",
      "id": "9",
      "employee_age": "39"
    },
    {
      "profile_image": "",
      "employee_name": "Sonya Frost",
      "employee_salary": "103600",
      "id": "10",
      "employee_age": "23"
    },
    {
      "profile_image": "",
      "employee_name": "Jena Gaines",
      "employee_salary": "90560",
      "id": "11",
      "employee_age": "30"
    },
    {
      "profile_image": "",
      "employee_name": "Quinn Flynn",
      "employee_salary": "342000",
      "id": "12",
      "employee_age": "22"
    },
    {
      "profile_image": "",
      "employee_name": "Charde Marshall",
      "employee_salary": "470600",
      "id": "13",
      "employee_age": "36"
    },
    {
      "profile_image": "",
      "employee_name": "Haley Kennedy",
      "employee_salary": "313500",
      "id": "14",
      "employee_age": "43"
    },
    {
      "profile_image": "",
      "employee_name": "Tatyana Fitzpatrick",
      "employee_salary": "385750",
      "id": "15",
      "employee_age": "19"
    },
    {
      "profile_image": "",
      "employee_name": "Michael Silva",
      "employee_salary": "198500",
      "id": "16",
      "employee_age": "66"
    },
    {
      "profile_image": "",
      "employee_name": "Paul Byrd",
      "employee_salary": "725000",
      "id": "17",
      "employee_age": "64"
    },
    {
      "profile_image": "",
      "employee_name": "Gloria Little",
      "employee_salary": "237500",
      "id": "18",
      "employee_age": "59"
    },
    {
      "profile_image": "",
      "employee_name": "Bradley Greer",
      "employee_salary": "132000",
      "id": "19",
      "employee_age": "41"
    },
    {
      "profile_image": "",
      "employee_name": "Dai Rios",
      "employee_salary": "217500",
      "id": "20",
      "employee_age": "35"
    },
    {
      "profile_image": "",
      "employee_name": "Jenette Caldwell",
      "employee_salary": "345000",
      "id": "21",
      "employee_age": "30"
    },
    {
      "profile_image": "",
      "employee_name": "Yuri Berry",
      "employee_salary": "675000",
      "id": "22",
      "employee_age": "40"
    },
    {
      "profile_image": "",
      "employee_name": "Caesar Vance",
      "employee_salary": "106450",
      "id": "23",
      "employee_age": "21"
    },
    {
      "profile_image": "",
      "employee_name": "Doris Wilder",
      "employee_salary": "85600",
      "id": "24",
      "employee_age": "23"
    }
  ],
  "status": "success"
}

13:18:15.849 skipping bootstrap configuration: could not find or read file: classpath:karate-config.js
13:18:15.860 request:
1 > GET https://reqres.in/api/users/2
1 > Accept-Encoding: gzip,deflate
1 > Connection: Keep-Alive
1 > Host: reqres.in
1 > User-Agent: Apache-HttpClient/4.5.11 (Java/11.0.8)

13:18:16.401 response time in milliseconds: 539.28
1 < 200
1 < Access-Control-Allow-Origin: *
1 < Age: 184
1 < CF-Cache-Status: HIT
1 < CF-RAY: 5bf7a252890e1aa4-SIN
1 < Cache-Control: max-age=14400
1 < Connection: keep-alive
1 < Content-Type: application/json; charset=utf-8
1 < Date: Sat, 08 Aug 2020 07:48:16 GMT
1 < Etag: W/"173-1Z8bn0V7UjH6FK7NCaza1ccWXQk"
1 < Expect-CT: max-age=604800, report-uri="https://report-uri.cloudflare.com/cdn-cgi/beacon/expect-ct"
1 < Server: cloudflare
1 < Set-Cookie: __cfduid=d1da3aaf0da3a58eef364a8746508b7271596872896; expires=Mon, 07-Sep-20 07:48:16 GMT; path=/; domain=.reqres.in; HttpOnly; SameSite=Lax; Secure
1 < Transfer-Encoding: chunked
1 < Vary: Accept-Encoding
1 < Via: 1.1 vegur
1 < X-Powered-By: Express
1 < cf-request-id: 046ea3c79700001aa4c60ed200000001
{"data":{"id":2,"email":"janet.weaver@reqres.in","first_name":"Janet","last_name":"Weaver","avatar":"https://s3.amazonaws.com/uifaces/faces/twitter/josephstein/128.jpg"},"ad":{"company":"StatusCode Weekly","url":"http://statuscode.org/","text":"A weekly newsletter focusing on software development, infrastructure, the server, performance, and the stack end of things."}}


